CRITICAL - 2022-05-31 21:57:35 --> Undefined variable: dtpenerbit
#0 C:\xampp\htdocs\sm2\pw5\app\Views\buku.php(84): CodeIgniter\Debug\Exceptions->errorHandler(8, 'Undefined varia...', 'C:\\xampp\\htdocs...', 84, Array)
#1 C:\xampp\htdocs\sm2\pw5\app\Views\home.php(71): include('C:\\xampp\\htdocs...')
#2 C:\xampp\htdocs\sm2\pw5\system\View\View.php(210): include('C:\\xampp\\htdocs...')
#3 C:\xampp\htdocs\sm2\pw5\system\View\View.php(213): CodeIgniter\View\View->CodeIgniter\View\{closure}()
#4 C:\xampp\htdocs\sm2\pw5\system\Common.php(1089): CodeIgniter\View\View->render('home', Array, true)
#5 C:\xampp\htdocs\sm2\pw5\app\Controllers\Basis.php(18): view('home', Array)
#6 C:\xampp\htdocs\sm2\pw5\system\CodeIgniter.php(832): App\Controllers\Basis->data()
#7 C:\xampp\htdocs\sm2\pw5\system\CodeIgniter.php(419): CodeIgniter\CodeIgniter->runController(Object(App\Controllers\Basis))
#8 C:\xampp\htdocs\sm2\pw5\system\CodeIgniter.php(326): CodeIgniter\CodeIgniter->handleRequest(NULL, Object(Config\Cache), false)
#9 C:\xampp\htdocs\sm2\pw5\index.php(37): CodeIgniter\CodeIgniter->run()
#10 {main}
CRITICAL - 2022-05-31 21:58:33 --> Undefined variable: dtpenerbit
#0 C:\xampp\htdocs\sm2\pw5\app\Views\buku.php(84): CodeIgniter\Debug\Exceptions->errorHandler(8, 'Undefined varia...', 'C:\\xampp\\htdocs...', 84, Array)
#1 C:\xampp\htdocs\sm2\pw5\app\Views\home.php(71): include('C:\\xampp\\htdocs...')
#2 C:\xampp\htdocs\sm2\pw5\system\View\View.php(210): include('C:\\xampp\\htdocs...')
#3 C:\xampp\htdocs\sm2\pw5\system\View\View.php(213): CodeIgniter\View\View->CodeIgniter\View\{closure}()
#4 C:\xampp\htdocs\sm2\pw5\system\Common.php(1089): CodeIgniter\View\View->render('home', Array, true)
#5 C:\xampp\htdocs\sm2\pw5\app\Controllers\Basis.php(18): view('home', Array)
#6 C:\xampp\htdocs\sm2\pw5\system\CodeIgniter.php(832): App\Controllers\Basis->data()
#7 C:\xampp\htdocs\sm2\pw5\system\CodeIgniter.php(419): CodeIgniter\CodeIgniter->runController(Object(App\Controllers\Basis))
#8 C:\xampp\htdocs\sm2\pw5\system\CodeIgniter.php(326): CodeIgniter\CodeIgniter->handleRequest(NULL, Object(Config\Cache), false)
#9 C:\xampp\htdocs\sm2\pw5\index.php(37): CodeIgniter\CodeIgniter->run()
#10 {main}
CRITICAL - 2022-05-31 21:58:36 --> Undefined variable: dtpenerbit
#0 C:\xampp\htdocs\sm2\pw5\app\Views\buku.php(84): CodeIgniter\Debug\Exceptions->errorHandler(8, 'Undefined varia...', 'C:\\xampp\\htdocs...', 84, Array)
#1 C:\xampp\htdocs\sm2\pw5\app\Views\home.php(71): include('C:\\xampp\\htdocs...')
#2 C:\xampp\htdocs\sm2\pw5\system\View\View.php(210): include('C:\\xampp\\htdocs...')
#3 C:\xampp\htdocs\sm2\pw5\system\View\View.php(213): CodeIgniter\View\View->CodeIgniter\View\{closure}()
#4 C:\xampp\htdocs\sm2\pw5\system\Common.php(1089): CodeIgniter\View\View->render('home', Array, true)
#5 C:\xampp\htdocs\sm2\pw5\app\Controllers\Basis.php(18): view('home', Array)
#6 C:\xampp\htdocs\sm2\pw5\system\CodeIgniter.php(832): App\Controllers\Basis->data()
#7 C:\xampp\htdocs\sm2\pw5\system\CodeIgniter.php(419): CodeIgniter\CodeIgniter->runController(Object(App\Controllers\Basis))
#8 C:\xampp\htdocs\sm2\pw5\system\CodeIgniter.php(326): CodeIgniter\CodeIgniter->handleRequest(NULL, Object(Config\Cache), false)
#9 C:\xampp\htdocs\sm2\pw5\index.php(37): CodeIgniter\CodeIgniter->run()
#10 {main}
CRITICAL - 2022-05-31 21:58:37 --> Undefined variable: dtpenerbit
#0 C:\xampp\htdocs\sm2\pw5\app\Views\buku.php(84): CodeIgniter\Debug\Exceptions->errorHandler(8, 'Undefined varia...', 'C:\\xampp\\htdocs...', 84, Array)
#1 C:\xampp\htdocs\sm2\pw5\app\Views\home.php(71): include('C:\\xampp\\htdocs...')
#2 C:\xampp\htdocs\sm2\pw5\system\View\View.php(210): include('C:\\xampp\\htdocs...')
#3 C:\xampp\htdocs\sm2\pw5\system\View\View.php(213): CodeIgniter\View\View->CodeIgniter\View\{closure}()
#4 C:\xampp\htdocs\sm2\pw5\system\Common.php(1089): CodeIgniter\View\View->render('home', Array, true)
#5 C:\xampp\htdocs\sm2\pw5\app\Controllers\Basis.php(18): view('home', Array)
#6 C:\xampp\htdocs\sm2\pw5\system\CodeIgniter.php(832): App\Controllers\Basis->data()
#7 C:\xampp\htdocs\sm2\pw5\system\CodeIgniter.php(419): CodeIgniter\CodeIgniter->runController(Object(App\Controllers\Basis))
#8 C:\xampp\htdocs\sm2\pw5\system\CodeIgniter.php(326): CodeIgniter\CodeIgniter->handleRequest(NULL, Object(Config\Cache), false)
#9 C:\xampp\htdocs\sm2\pw5\index.php(37): CodeIgniter\CodeIgniter->run()
#10 {main}
CRITICAL - 2022-05-31 22:03:11 --> You must set the database table to be used with your query.
#0 C:\xampp\htdocs\sm2\pw5\system\Model.php(545): CodeIgniter\Database\BaseConnection->table(NULL)
#1 C:\xampp\htdocs\sm2\pw5\system\Model.php(722): CodeIgniter\Model->builder()
#2 C:\xampp\htdocs\sm2\pw5\app\Controllers\Basis.php(18): CodeIgniter\Model->__call('getPenerbit', Array)
#3 C:\xampp\htdocs\sm2\pw5\system\CodeIgniter.php(832): App\Controllers\Basis->data()
#4 C:\xampp\htdocs\sm2\pw5\system\CodeIgniter.php(419): CodeIgniter\CodeIgniter->runController(Object(App\Controllers\Basis))
#5 C:\xampp\htdocs\sm2\pw5\system\CodeIgniter.php(326): CodeIgniter\CodeIgniter->handleRequest(NULL, Object(Config\Cache), false)
#6 C:\xampp\htdocs\sm2\pw5\index.php(37): CodeIgniter\CodeIgniter->run()
#7 {main}
